TN:
SF:src\server.js
FN:9,_getRequireWildcardCache
FN:29,(anonymous_3)
FNF:2
FNH:1
FNDA:3,_getRequireWildcardCache
FNDA:0,(anonymous_3)
DA:1,1
DA:2,1
DA:3,1
DA:4,1
DA:5,1
DA:6,1
DA:7,1
DA:8,1
DA:9,24
DA:11,1
DA:13,1
DA:15,1
DA:16,1
DA:18,1
DA:19,1
DA:20,1
DA:21,1
DA:29,1
DA:30,0
DA:32,1
DA:37,1
DA:44,1
DA:46,1
LF:23
LH:22
BRDA:9,0,0,9
BRDA:9,0,1,11
BRDA:9,1,0,4
BRDA:9,1,1,4
BRDA:9,1,2,3
BRF:5
BRH:5
end_of_record
TN:
SF:src\config\config.js
FNF:0
FNH:0
DA:1,1
DA:3,1
DA:6,1
DA:7,1
DA:10,1
DA:11,1
DA:14,1
LF:7
LH:7
BRF:0
BRH:0
end_of_record
TN:
SF:src\config\passport.js
FN:6,_getRequireWildcardCache
FN:20,(anonymous_3)
FN:21,_callee
FN:21,_callee$
FN:58,(anonymous_6)
FN:62,(anonymous_7)
FN:66,(anonymous_8)
FNF:7
FNH:2
FNDA:3,_getRequireWildcardCache
FNDA:1,(anonymous_3)
FNDA:0,_callee
FNDA:0,_callee$
FNDA:0,(anonymous_6)
FNDA:0,(anonymous_7)
FNDA:0,(anonymous_8)
DA:1,1
DA:2,1
DA:3,1
DA:4,1
DA:5,1
DA:6,24
DA:8,1
DA:10,1
DA:11,1
DA:12,1
DA:13,1
DA:20,1
DA:21,0
DA:24,0
DA:25,0
DA:29,0
DA:34,0
DA:36,0
DA:37,0
DA:38,0
DA:39,0
DA:40,0
DA:43,0
DA:45,0
DA:46,0
DA:47,0
DA:49,0
DA:50,0
DA:51,0
DA:52,0
DA:53,0
DA:56,0
DA:58,1
DA:62,1
DA:63,0
DA:66,1
DA:67,0
LF:37
LH:15
BRDA:6,0,0,9
BRDA:6,0,1,11
BRDA:6,1,0,4
BRDA:6,1,1,4
BRDA:6,1,2,3
BRDA:21,2,0,0
BRDA:21,2,1,0
BRDA:21,2,2,0
BRDA:21,2,3,0
BRDA:21,2,4,0
BRDA:21,2,5,0
BRDA:21,2,6,0
BRDA:21,2,7,0
BRDA:21,2,8,0
BRDA:34,3,0,0
BRDA:34,3,1,0
BRF:16
BRH:5
end_of_record
TN:
SF:src\controllers\dummyController.js
FN:6,(anonymous_0)
FN:6,_callee
FN:6,_callee$
FN:6,getAllUsers
FN:14,(anonymous_4)
FN:14,_callee2
FN:14,_callee2$
FN:14,createNewUser
FNF:8
FNH:5
FNDA:1,(anonymous_0)
FNDA:2,_callee
FNDA:4,_callee$
FNDA:2,getAllUsers
FNDA:1,(anonymous_4)
FNDA:0,_callee2
FNDA:0,_callee2$
FNDA:0,createNewUser
DA:1,1
DA:2,1
DA:4,1
DA:6,10
DA:7,2
DA:9,2
DA:11,2
DA:12,1
DA:14,1
DA:16,0
DA:17,0
DA:19,0
DA:24,0
DA:26,0
DA:28,1
DA:30,1
LF:16
LH:11
BRDA:6,0,0,2
BRDA:6,0,1,2
BRDA:6,0,2,2
BRDA:6,0,3,2
BRDA:9,1,0,0
BRDA:9,1,1,2
BRDA:14,2,0,0
BRDA:14,2,1,0
BRDA:14,2,2,0
BRDA:14,2,3,0
BRDA:14,2,4,0
BRDA:14,2,5,0
BRDA:14,2,6,0
BRF:13
BRH:5
end_of_record
TN:
SF:src\controllers\welcomeController.js
FN:1,_getRequireWildcardCache
FN:5,(anonymous_3)
FN:5,_callee
FN:5,_callee$
FN:5,welcome
FNF:5
FNH:5
FNDA:3,_getRequireWildcardCache
FNDA:1,(anonymous_3)
FNDA:1,_callee
FNDA:2,_callee$
FNDA:1,welcome
DA:1,24
DA:3,1
DA:5,5
DA:6,1
DA:7,1
DA:8,1
DA:10,1
LF:7
LH:7
BRDA:1,0,0,9
BRDA:1,0,1,11
BRDA:1,1,0,4
BRDA:1,1,1,4
BRDA:1,1,2,3
BRDA:5,2,0,1
BRDA:5,2,1,0
BRDA:5,2,2,1
BRF:8
BRH:7
end_of_record
TN:
SF:src\database\models\index.js
FN:18,(anonymous_0)
FN:26,(anonymous_1)
FN:34,(anonymous_2)
FNF:3
FNH:3
FNDA:2,(anonymous_0)
FNDA:1,(anonymous_1)
FNDA:1,(anonymous_2)
DA:1,1
DA:2,1
DA:3,1
DA:4,1
DA:5,1
DA:6,1
DA:7,1
DA:8,1
DA:11,1
DA:12,1
DA:14,0
DA:17,1
DA:19,2
DA:27,1
DA:31,1
DA:34,1
DA:35,1
DA:36,1
DA:40,1
DA:41,1
DA:43,1
LF:21
LH:20
BRDA:6,0,0,1
BRDA:6,0,1,1
BRDA:11,1,0,1
BRDA:11,1,1,0
BRDA:20,2,0,2
BRDA:20,2,1,2
BRDA:20,2,2,1
BRDA:20,2,3,1
BRDA:35,3,0,1
BRDA:35,3,1,0
BRF:10
BRH:8
end_of_record
TN:
SF:src\database\models\user.js
FN:5,(anonymous_4)
FN:6,(anonymous_5)
FN:12,associate
FN:27,(anonymous_8)
FN:31,(anonymous_9)
FN:31,_callee
FN:31,_callee$
FN:34,(anonymous_12)
FNF:8
FNH:4
FNDA:1,(anonymous_4)
FNDA:1,(anonymous_5)
FNDA:1,associate
FNDA:0,(anonymous_8)
FNDA:1,(anonymous_9)
FNDA:0,_callee
FNDA:0,_callee$
FNDA:0,(anonymous_12)
DA:1,1
DA:2,1
DA:4,1
DA:5,1
DA:6,2
DA:14,1
DA:16,1
DA:27,1
DA:28,0
DA:31,1
DA:32,0
DA:33,0
DA:34,1
DA:36,1
LF:14
LH:11
BRDA:31,0,0,0
BRDA:31,0,1,0
BRDA:31,0,2,0
BRDA:31,0,3,0
BRF:4
BRH:0
end_of_record
TN:
SF:src\helpers\token_generator.js
FN:3,_getRequireWildcardCache
FN:7,(anonymous_3)
FN:7,_callee
FN:7,_callee$
FN:7,generateToken
FNF:5
FNH:2
FNDA:3,_getRequireWildcardCache
FNDA:1,(anonymous_3)
FNDA:0,_callee
FNDA:0,_callee$
FNDA:0,generateToken
DA:1,1
DA:2,1
DA:3,24
DA:5,1
DA:7,1
DA:8,0
DA:10,0
DA:11,0
DA:12,1
DA:13,1
LF:10
LH:7
BRDA:3,0,0,9
BRDA:3,0,1,11
BRDA:3,1,0,4
BRDA:3,1,1,4
BRDA:3,1,2,3
BRDA:7,2,0,0
BRDA:7,2,1,0
BRDA:7,2,2,0
BRF:8
BRH:5
end_of_record
TN:
SF:src\routes\dummyRoutes.js
FNF:0
FNH:0
DA:1,1
DA:2,1
DA:4,1
DA:6,1
DA:8,1
LF:5
LH:5
BRF:0
BRH:0
end_of_record
TN:
SF:src\routes\index.js
FNF:0
FNH:0
DA:1,1
DA:2,1
DA:3,1
DA:5,1
DA:7,1
DA:8,1
DA:10,1
LF:7
LH:7
BRF:0
BRH:0
end_of_record
TN:
SF:src\routes\welcomeRoute.js
FNF:0
FNH:0
DA:1,1
DA:2,1
DA:4,1
DA:6,1
DA:8,1
LF:5
LH:5
BRF:0
BRH:0
end_of_record
TN:
SF:src\tests\index.js
FN:13,(anonymous_0)
FN:14,_callee
FN:19,(anonymous_3)
FN:20,_callee2
FN:28,(anonymous_6)
FN:29,(anonymous_7)
FN:30,_callee3
FN:35,_callee4
FNF:8
FNH:8
FNDA:1,(anonymous_0)
FNDA:3,_callee
FNDA:1,(anonymous_3)
FNDA:3,_callee2
FNDA:1,(anonymous_6)
FNDA:1,(anonymous_7)
FNDA:3,_callee3
FNDA:3,_callee4
DA:1,1
DA:2,1
DA:3,1
DA:4,1
DA:5,1
DA:6,1
DA:8,1
DA:9,1
DA:11,1
DA:13,1
DA:14,6
DA:16,1
DA:19,1
DA:20,5
DA:21,1
DA:22,1
DA:23,1
DA:28,1
DA:29,1
DA:30,5
DA:31,1
DA:32,1
DA:35,5
DA:36,1
DA:37,1
LF:25
LH:25
BRDA:14,0,0,1
BRDA:14,0,1,1
BRDA:14,0,2,1
BRDA:20,1,0,1
BRDA:20,1,1,1
BRDA:20,1,2,1
BRDA:20,1,3,1
BRDA:30,2,0,1
BRDA:30,2,1,1
BRDA:30,2,2,1
BRDA:30,2,3,1
BRDA:35,3,0,1
BRDA:35,3,1,1
BRDA:35,3,2,1
BRDA:35,3,3,1
BRF:15
BRH:15
end_of_record
